> conda info --json
> /bin/python3 ~/.vscode/extensions/ms-python.python-2021.11.1422169775/pythonFiles/interpreterInfo.py
> /usr/bin/python3 ~/.vscode/extensions/ms-python.python-2021.11.1422169775/pythonFiles/interpreterInfo.py
Python interpreter path: /bin/python3
Starting Pylance language server.
Error 2021-11-04 16:12:42: Error while running worker[Worker 1]. undefined
Error 2021-11-04 16:12:42: Error while running worker[Worker 2]. undefined
Error 2021-11-04 16:12:42: Canceled: Canceled
    at Object.i [as canceled] (/usr/share/code/resources/app/out/vs/workbench/services/extensions/node/extensionHostProcess.js:5:1157)
    at /usr/share/code/resources/app/out/vs/workbench/services/extensions/node/extensionHostProcess.js:98:9064
    at Array.forEach (<anonymous>)
    at n.dispose (/usr/share/code/resources/app/out/vs/workbench/services/extensions/node/extensionHostProcess.js:98:9012)
    at b.terminate (/usr/share/code/resources/app/out/vs/workbench/services/extensions/node/extensionHostProcess.js:103:694)
    at o (/usr/share/code/resources/app/out/vs/workbench/services/extensions/node/extensionHostProcess.js:113:32681)
    at Socket.<anonymous> (/usr/share/code/resources/app/out/vs/workbench/services/extensions/node/extensionHostProcess.js:113:30296)
    at Socket.emit (events.js:327:22)
    at Pipe.<anonymous> (net.js:673:12)
We encountered an issue starting the language server. Reverting to Jedi language engine. Check the Python output panel for details.
Error 2021-11-04 16:12:42: Failed to activate language server, Class name = a, completed in 412564ms, has a falsy return value, Arg 1: undefined, Arg 2: {"sysPrefix":"/usr","envType":"Global","envName":"","envPath":"","path":"/bin/python3","architecture":3,"sysVersion":"3.9.7 (default, Sep 10 2021, 14:59:43) \n[GCC 11.2.0]","version":{"raw":"3.9.7","major":3,"minor":9,"patch":7,"build":[],"prerelease":["final","0"]},"displayName":"Python 3.9.7 64-bit"}, Return Value: undefined Canceled: Canceled
    at Object.i [as canceled] (/usr/share/code/resources/app/out/vs/workbench/services/extensions/node/extensionHostProcess.js:5:1157)
    at /usr/share/code/resources/app/out/vs/workbench/services/extensions/node/extensionHostProcess.js:98:9064
    at Array.forEach (<anonymous>)
    at n.dispose (/usr/share/code/resources/app/out/vs/workbench/services/extensions/node/extensionHostProcess.js:98:9012)
    at b.terminate (/usr/share/code/resources/app/out/vs/workbench/services/extensions/node/extensionHostProcess.js:103:694)
    at o (/usr/share/code/resources/app/out/vs/workbench/services/extensions/node/extensionHostProcess.js:113:32681)
    at Socket.<anonymous> (/usr/share/code/resources/app/out/vs/workbench/services/extensions/node/extensionHostProcess.js:113:30296)
    at Socket.emit (events.js:327:22)
    at Pipe.<anonymous> (net.js:673:12)
Error 2021-11-04 16:12:42: Failed to activate a workspace, Class name = m, completed in 413187ms, has a falsy return value, Arg 1: undefined, Return Value: undefined Error: No matching bindings found for serviceIdentifier: Symbol(ILanguageServerActivator)
 Symbol(ILanguageServerActivator) - named: Jedi 

    at /home/omar/.vscode/extensions/ms-python.python-2021.11.1422169775/out/client/extension.js:52:153777
    at m (/home/omar/.vscode/extensions/ms-python.python-2021.11.1422169775/out/client/extension.js:52:154074)
    at e (/home/omar/.vscode/extensions/ms-python.python-2021.11.1422169775/out/client/extension.js:52:154565)
    at Object.t.plan (/home/omar/.vscode/extensions/ms-python.python-2021.11.1422169775/out/client/extension.js:52:155228)
    at /home/omar/.vscode/extensions/ms-python.python-2021.11.1422169775/out/client/extension.js:52:151812
    at e._get (/home/omar/.vscode/extensions/ms-python.python-2021.11.1422169775/out/client/extension.js:52:151721)
    at e.getTagged (/home/omar/.vscode/extensions/ms-python.python-2021.11.1422169775/out/client/extension.js:52:150524)
    at e.getNamed (/home/omar/.vscode/extensions/ms-python.python-2021.11.1422169775/out/client/extension.js:52:150616)
    at a.get (/home/omar/.vscode/extensions/ms-python.python-2021.11.1422169775/out/client/extension.js:78:330351)
    at _.createRefCountedServer (/home/omar/.vscode/extensions/ms-python.python-2021.11.1422169775/out/client/extension.js:52:193687)
Error 2021-11-04 16:12:42: Failure during activation. Error: No matching bindings found for serviceIdentifier: Symbol(ILanguageServerActivator)
 Symbol(ILanguageServerActivator) - named: Jedi 

    at /home/omar/.vscode/extensions/ms-python.python-2021.11.1422169775/out/client/extension.js:52:153777
    at m (/home/omar/.vscode/extensions/ms-python.python-2021.11.1422169775/out/client/extension.js:52:154074)
    at e (/home/omar/.vscode/extensions/ms-python.python-2021.11.1422169775/out/client/extension.js:52:154565)
    at Object.t.plan (/home/omar/.vscode/extensions/ms-python.python-2021.11.1422169775/out/client/extension.js:52:155228)
    at /home/omar/.vscode/extensions/ms-python.python-2021.11.1422169775/out/client/extension.js:52:151812
    at e._get (/home/omar/.vscode/extensions/ms-python.python-2021.11.1422169775/out/client/extension.js:52:151721)
    at e.getTagged (/home/omar/.vscode/extensions/ms-python.python-2021.11.1422169775/out/client/extension.js:52:150524)
    at e.getNamed (/home/omar/.vscode/extensions/ms-python.python-2021.11.1422169775/out/client/extension.js:52:150616)
    at a.get (/home/omar/.vscode/extensions/ms-python.python-2021.11.1422169775/out/client/extension.js:78:330351)
    at _.createRefCountedServer (/home/omar/.vscode/extensions/ms-python.python-2021.11.1422169775/out/client/extension.js:52:193687)
Error 2021-11-04 16:12:42: sendStartupTelemetry() failed. Error: No matching bindings found for serviceIdentifier: Symbol(ILanguageServerActivator)
 Symbol(ILanguageServerActivator) - named: Jedi 

    at /home/omar/.vscode/extensions/ms-python.python-2021.11.1422169775/out/client/extension.js:52:153777
    at m (/home/omar/.vscode/extensions/ms-python.python-2021.11.1422169775/out/client/extension.js:52:154074)
    at e (/home/omar/.vscode/extensions/ms-python.python-2021.11.1422169775/out/client/extension.js:52:154565)
    at Object.t.plan (/home/omar/.vscode/extensions/ms-python.python-2021.11.1422169775/out/client/extension.js:52:155228)
    at /home/omar/.vscode/extensions/ms-python.python-2021.11.1422169775/out/client/extension.js:52:151812
    at e._get (/home/omar/.vscode/extensions/ms-python.python-2021.11.1422169775/out/client/extension.js:52:151721)
    at e.getTagged (/home/omar/.vscode/extensions/ms-python.python-2021.11.1422169775/out/client/extension.js:52:150524)
    at e.getNamed (/home/omar/.vscode/extensions/ms-python.python-2021.11.1422169775/out/client/extension.js:52:150616)
    at a.get (/home/omar/.vscode/extensions/ms-python.python-2021.11.1422169775/out/client/extension.js:78:330351)
    at _.createRefCountedServer (/home/omar/.vscode/extensions/ms-python.python-2021.11.1422169775/out/client/extension.js:52:193687)
