[Info  - 23:04:00.597] Reading sessions from keychain...
[Info  - 23:04:00.662] Getting sessions for all scopes...
[Info  - 23:04:00.671] Got 0 sessions for all scopes...
[Info  - 23:04:00.692] Getting sessions for all scopes...
[Info  - 23:04:00.693] Got 0 sessions for all scopes...
[Info  - 23:04:04.174] Getting sessions for all scopes...
[Info  - 23:04:04.174] Got 0 sessions for all scopes...
[Info  - 23:04:05.52] Logging in for the following scopes: user:email
[Trace  - 23:04:25.649] Handling Uri...
[Info  - 23:04:25.650] Exchanging code for token...
[Info  - 23:04:26.666] Token exchange success!
[Info  - 23:04:26.666] Getting user info...
[Info  - 23:04:27.10] Got account info!
[Info  - 23:04:27.10] Storing 1 sessions...
[Info  - 23:04:27.99] Reading sessions from keychain...
[Info  - 23:04:27.99] Stored 1 sessions!
[Info  - 23:04:27.100] Login success!
[Info  - 23:04:27.126] Getting sessions for all scopes...
[Info  - 23:04:27.126] Getting sessions for all scopes...
[Trace  - 23:04:27.128] Token acquired from secret storage.
[Info  - 23:04:27.128] Got stored sessions!
[Trace  - 23:04:27.128] Read the following session from the keychain with the following scopes: user:email
[Info  - 23:04:27.129] Got 1 verified sessions.
[Info  - 23:04:27.129] Got 1 sessions for all scopes...
[Info  - 23:04:27.129] Got 1 sessions for all scopes...
[Info  - 23:04:59.455] Getting sessions for read:user...
[Info  - 23:04:59.456] Got 0 sessions for read:user...
[Info  - 23:09:07.106] Reading sessions from keychain...
[Trace  - 23:09:07.116] Token acquired from secret storage.
[Info  - 23:09:07.116] Got stored sessions!
[Trace  - 23:09:07.116] Read the following session from the keychain with the following scopes: user:email
[Trace  - 23:09:07.116] Read the following session from the keychain with the following scopes: read:user
[Info  - 23:09:07.116] Got 2 verified sessions.
[Info  - 23:09:07.116] Adding session found in keychain
[Info  - 23:09:07.134] Getting sessions for all scopes...
[Info  - 23:09:07.134] Got 2 sessions for all scopes...
