[Info  - 23:08:42.575] Reading sessions from keychain...
[Info  - 23:08:42.623] Getting sessions for all scopes...
[Info  - 23:08:42.627] Getting sessions for all scopes...
[Trace  - 23:08:42.627] Token acquired from secret storage.
[Info  - 23:08:42.627] Got stored sessions!
[Trace  - 23:08:42.627] Read the following session from the keychain with the following scopes: user:email
[Info  - 23:08:42.627] Got 1 verified sessions.
[Info  - 23:08:42.627] Got 1 sessions for all scopes...
[Info  - 23:08:42.627] Got 1 sessions for all scopes...
[Info  - 23:08:42.635] Getting sessions for read:user...
[Info  - 23:08:42.636] Got 0 sessions for read:user...
[Info  - 23:08:51.81] Getting sessions for read:user...
[Info  - 23:08:51.81] Got 0 sessions for read:user...
[Info  - 23:08:52.853] Logging in for the following scopes: read:user
[Trace  - 23:09:05.841] Handling Uri...
[Info  - 23:09:05.842] Exchanging code for token...
[Info  - 23:09:06.333] Token exchange success!
[Info  - 23:09:06.333] Getting user info...
[Info  - 23:09:06.895] Got account info!
[Info  - 23:09:06.896] Storing 2 sessions...
[Info  - 23:09:06.931] Reading sessions from keychain...
[Info  - 23:09:06.931] Stored 2 sessions!
[Info  - 23:09:06.932] Login success!
[Trace  - 23:09:06.976] Token acquired from secret storage.
[Info  - 23:09:06.976] Got stored sessions!
[Trace  - 23:09:06.976] Read the following session from the keychain with the following scopes: user:email
[Trace  - 23:09:06.976] Read the following session from the keychain with the following scopes: read:user
[Info  - 23:09:06.977] Got 2 verified sessions.
[Info  - 23:09:06.980] Getting sessions for all scopes...
[Info  - 23:09:06.980] Got 2 sessions for all scopes...
